<?xml version="1.0" encoding="UTF-8"?>
<coverage generated="1763999514050" clover="3.2.0">
  <project timestamp="1763999514050" name="All files">
    <metrics statements="79" coveredstatements="79" conditionals="54" coveredconditionals="53" methods="12" coveredmethods="12" elements="145" coveredelements="144" complexity="0" loc="79" ncloc="79" packages="1" files="1" classes="1"/>
    <file name="classifyLogSubtype.ts" path="/Users/jameswoolmer/Documents/gremly-mob2/lib/cortex/classifyLogSubtype.ts">
      <metrics statements="79" coveredstatements="79" conditionals="54" coveredconditionals="53" methods="12" coveredmethods="12"/>
      <line num="34" count="1" type="stmt"/>
      <line num="41" count="1" type="stmt"/>
      <line num="48" count="1" type="stmt"/>
      <line num="50" count="1" type="stmt"/>
      <line num="57" count="301" type="stmt"/>
      <line num="58" count="3636" type="stmt"/>
      <line num="62" count="143" type="stmt"/>
      <line num="66" count="43" type="stmt"/>
      <line num="67" count="43" type="cond" truecount="1" falsecount="1"/>
      <line num="68" count="43" type="stmt"/>
      <line num="72" count="52" type="cond" truecount="2" falsecount="0"/>
      <line num="85" count="52" type="stmt"/>
      <line num="86" count="52" type="stmt"/>
      <line num="87" count="52" type="stmt"/>
      <line num="90" count="52" type="stmt"/>
      <line num="95" count="91" type="cond" truecount="3" falsecount="0"/>
      <line num="99" count="52" type="cond" truecount="2" falsecount="0"/>
      <line num="100" count="16" type="stmt"/>
      <line num="101" count="16" type="stmt"/>
      <line num="105" count="52" type="stmt"/>
      <line num="106" count="52" type="stmt"/>
      <line num="107" count="52" type="stmt"/>
      <line num="108" count="52" type="stmt"/>
      <line num="111" count="52" type="cond" truecount="6" falsecount="0"/>
      <line num="112" count="11" type="stmt"/>
      <line num="113" count="11" type="stmt"/>
      <line num="117" count="52" type="cond" truecount="4" falsecount="0"/>
      <line num="118" count="19" type="stmt"/>
      <line num="119" count="19" type="stmt"/>
      <line num="123" count="52" type="stmt"/>
      <line num="124" count="52" type="stmt"/>
      <line num="126" count="52" type="cond" truecount="4" falsecount="0"/>
      <line num="127" count="10" type="stmt"/>
      <line num="128" count="10" type="stmt"/>
      <line num="132" count="52" type="stmt"/>
      <line num="134" count="52" type="stmt"/>
      <line num="142" count="52" type="stmt"/>
      <line num="143" count="52" type="stmt"/>
      <line num="144" count="52" type="stmt"/>
      <line num="147" count="52" type="cond" truecount="2" falsecount="0"/>
      <line num="148" count="16" type="stmt"/>
      <line num="149" count="16" type="stmt"/>
      <line num="153" count="52" type="stmt"/>
      <line num="154" count="237" type="stmt"/>
      <line num="155" count="52" type="stmt"/>
      <line num="157" count="52" type="cond" truecount="4" falsecount="0"/>
      <line num="158" count="6" type="stmt"/>
      <line num="159" count="6" type="stmt"/>
      <line num="163" count="52" type="stmt"/>
      <line num="164" count="52" type="stmt"/>
      <line num="165" count="205" type="stmt"/>
      <line num="167" count="52" type="cond" truecount="4" falsecount="0"/>
      <line num="168" count="3" type="stmt"/>
      <line num="169" count="3" type="stmt"/>
      <line num="173" count="52" type="stmt"/>
      <line num="174" count="52" type="stmt"/>
      <line num="175" count="300" type="stmt"/>
      <line num="178" count="52" type="cond" truecount="3" falsecount="0"/>
      <line num="182" count="52" type="cond" truecount="4" falsecount="0"/>
      <line num="183" count="3" type="stmt"/>
      <line num="184" count="3" type="stmt"/>
      <line num="188" count="52" type="stmt"/>
      <line num="190" count="52" type="stmt"/>
      <line num="199" count="57" type="stmt"/>
      <line num="200" count="57" type="stmt"/>
      <line num="203" count="57" type="cond" truecount="2" falsecount="0"/>
      <line num="204" count="5" type="stmt"/>
      <line num="217" count="52" type="stmt"/>
      <line num="218" count="52" type="stmt"/>
      <line num="224" count="52" type="cond" truecount="4" falsecount="0"/>
      <line num="225" count="2" type="stmt"/>
      <line num="228" count="50" type="cond" truecount="2" falsecount="0"/>
      <line num="229" count="17" type="stmt"/>
      <line num="232" count="33" type="cond" truecount="2" falsecount="0"/>
      <line num="233" count="14" type="stmt"/>
      <line num="236" count="19" type="cond" truecount="4" falsecount="0"/>
      <line num="237" count="4" type="stmt"/>
      <line num="241" count="15" type="stmt"/>
      <line num="244" count="52" type="stmt"/>
    </file>
  </project>
</coverage>
