{"/Users/jameswoolmer/Documents/gremly-mob2/lib/cortex/classifyLogSubtype.ts": {"path":"/Users/jameswoolmer/Documents/gremly-mob2/lib/cortex/classifyLogSubtype.ts","statementMap":{"0":{"start":{"line":34,"column":22},"end":{"line":39,"column":1}},"1":{"start":{"line":41,"column":21},"end":{"line":46,"column":1}},"2":{"start":{"line":48,"column":26},"end":{"line":48,"column":88}},"3":{"start":{"line":50,"column":23},"end":{"line":50,"column":122}},"4":{"start":{"line":57,"column":16},"end":{"line":57,"column":34}},"5":{"start":{"line":58,"column":2},"end":{"line":58,"column":63}},"6":{"start":{"line":58,"column":27},"end":{"line":58,"column":61}},"7":{"start":{"line":62,"column":2},"end":{"line":62,"column":26}},"8":{"start":{"line":66,"column":18},"end":{"line":66,"column":29}},"9":{"start":{"line":67,"column":2},"end":{"line":67,"column":31}},"10":{"start":{"line":67,"column":22},"end":{"line":67,"column":31}},"11":{"start":{"line":68,"column":2},"end":{"line":68,"column":37}},"12":{"start":{"line":72,"column":2},"end":{"line":72,"column":50}},"13":{"start":{"line":85,"column":19},"end":{"line":85,"column":20}},"14":{"start":{"line":86,"column":28},"end":{"line":86,"column":30}},"15":{"start":{"line":87,"column":16},"end":{"line":87,"column":34}},"16":{"start":{"line":90,"column":32},"end":{"line":93,"column":3}},"17":{"start":{"line":95,"column":27},"end":{"line":97,"column":48}},"18":{"start":{"line":95,"column":65},"end":{"line":95,"column":94}},"19":{"start":{"line":99,"column":2},"end":{"line":102,"column":3}},"20":{"start":{"line":100,"column":4},"end":{"line":100,"column":42}},"21":{"start":{"line":101,"column":4},"end":{"line":101,"column":48}},"22":{"start":{"line":105,"column":28},"end":{"line":105,"column":86}},"23":{"start":{"line":106,"column":24},"end":{"line":106,"column":63}},"24":{"start":{"line":107,"column":25},"end":{"line":107,"column":49}},"25":{"start":{"line":108,"column":25},"end":{"line":108,"column":57}},"26":{"start":{"line":111,"column":2},"end":{"line":114,"column":3}},"27":{"start":{"line":112,"column":4},"end":{"line":112,"column":42}},"28":{"start":{"line":113,"column":4},"end":{"line":113,"column":40}},"29":{"start":{"line":117,"column":2},"end":{"line":120,"column":3}},"30":{"start":{"line":118,"column":4},"end":{"line":118,"column":42}},"31":{"start":{"line":119,"column":4},"end":{"line":119,"column":46}},"32":{"start":{"line":123,"column":25},"end":{"line":123,"column":74}},"33":{"start":{"line":124,"column":31},"end":{"line":124,"column":64}},"34":{"start":{"line":126,"column":2},"end":{"line":129,"column":3}},"35":{"start":{"line":127,"column":4},"end":{"line":127,"column":42}},"36":{"start":{"line":128,"column":4},"end":{"line":128,"column":38}},"37":{"start":{"line":132,"column":2},"end":{"line":132,"column":54}},"38":{"start":{"line":134,"column":2},"end":{"line":134,"column":33}},"39":{"start":{"line":142,"column":19},"end":{"line":142,"column":20}},"40":{"start":{"line":143,"column":28},"end":{"line":143,"column":30}},"41":{"start":{"line":144,"column":16},"end":{"line":144,"column":34}},"42":{"start":{"line":147,"column":2},"end":{"line":150,"column":3}},"43":{"start":{"line":148,"column":4},"end":{"line":148,"column":42}},"44":{"start":{"line":149,"column":4},"end":{"line":149,"column":41}},"45":{"start":{"line":153,"column":22},"end":{"line":153,"column":66}},"46":{"start":{"line":154,"column":24},"end":{"line":154,"column":93}},"47":{"start":{"line":154,"column":49},"end":{"line":154,"column":92}},"48":{"start":{"line":155,"column":26},"end":{"line":155,"column":59}},"49":{"start":{"line":157,"column":2},"end":{"line":160,"column":3}},"50":{"start":{"line":158,"column":4},"end":{"line":158,"column":42}},"51":{"start":{"line":159,"column":4},"end":{"line":159,"column":45}},"52":{"start":{"line":163,"column":29},"end":{"line":163,"column":65}},"53":{"start":{"line":164,"column":22},"end":{"line":164,"column":57}},"54":{"start":{"line":165,"column":24},"end":{"line":165,"column":93}},"55":{"start":{"line":165,"column":49},"end":{"line":165,"column":92}},"56":{"start":{"line":167,"column":2},"end":{"line":170,"column":3}},"57":{"start":{"line":168,"column":4},"end":{"line":168,"column":42}},"58":{"start":{"line":169,"column":4},"end":{"line":169,"column":37}},"59":{"start":{"line":173,"column":23},"end":{"line":173,"column":74}},"60":{"start":{"line":174,"column":28},"end":{"line":176,"column":3}},"61":{"start":{"line":175,"column":4},"end":{"line":175,"column":52}},"62":{"start":{"line":178,"column":27},"end":{"line":180,"column":42}},"63":{"start":{"line":182,"column":2},"end":{"line":185,"column":3}},"64":{"start":{"line":183,"column":4},"end":{"line":183,"column":42}},"65":{"start":{"line":184,"column":4},"end":{"line":184,"column":34}},"66":{"start":{"line":188,"column":2},"end":{"line":188,"column":54}},"67":{"start":{"line":190,"column":2},"end":{"line":190,"column":33}},"68":{"start":{"line":199,"column":18},"end":{"line":199,"column":29}},"69":{"start":{"line":200,"column":17},"end":{"line":200,"column":31}},"70":{"start":{"line":203,"column":2},"end":{"line":214,"column":3}},"71":{"start":{"line":204,"column":4},"end":{"line":213,"column":6}},"72":{"start":{"line":217,"column":63},"end":{"line":217,"column":98}},"73":{"start":{"line":218,"column":57},"end":{"line":218,"column":89}},"74":{"start":{"line":224,"column":2},"end":{"line":242,"column":3}},"75":{"start":{"line":225,"column":4},"end":{"line":225,"column":24}},"76":{"start":{"line":228,"column":7},"end":{"line":242,"column":3}},"77":{"start":{"line":229,"column":4},"end":{"line":229,"column":24}},"78":{"start":{"line":232,"column":7},"end":{"line":242,"column":3}},"79":{"start":{"line":233,"column":4},"end":{"line":233,"column":21}},"80":{"start":{"line":236,"column":7},"end":{"line":242,"column":3}},"81":{"start":{"line":237,"column":4},"end":{"line":237,"column":24}},"82":{"start":{"line":241,"column":4},"end":{"line":241,"column":24}},"83":{"start":{"line":244,"column":2},"end":{"line":253,"column":4}}},"fnMap":{"0":{"name":"containsAny","decl":{"start":{"line":56,"column":9},"end":{"line":56,"column":20}},"loc":{"start":{"line":56,"column":60},"end":{"line":59,"column":1}},"line":56},"1":{"name":"(anonymous_1)","decl":{"start":{"line":58,"column":19},"end":{"line":58,"column":20}},"loc":{"start":{"line":58,"column":27},"end":{"line":58,"column":61}},"line":58},"2":{"name":"matchesPattern","decl":{"start":{"line":61,"column":9},"end":{"line":61,"column":23}},"loc":{"start":{"line":61,"column":62},"end":{"line":63,"column":1}},"line":61},"3":{"name":"wordCount","decl":{"start":{"line":65,"column":9},"end":{"line":65,"column":18}},"loc":{"start":{"line":65,"column":41},"end":{"line":69,"column":1}},"line":65},"4":{"name":"isShort","decl":{"start":{"line":71,"column":9},"end":{"line":71,"column":16}},"loc":{"start":{"line":71,"column":40},"end":{"line":73,"column":1}},"line":71},"5":{"name":"calculateJournalConfidence","decl":{"start":{"line":84,"column":9},"end":{"line":84,"column":35}},"loc":{"start":{"line":84,"column":68},"end":{"line":135,"column":1}},"line":84},"6":{"name":"(anonymous_6)","decl":{"start":{"line":95,"column":54},"end":{"line":95,"column":55}},"loc":{"start":{"line":95,"column":65},"end":{"line":95,"column":94}},"line":95},"7":{"name":"calculateIdeaConfidence","decl":{"start":{"line":141,"column":9},"end":{"line":141,"column":32}},"loc":{"start":{"line":141,"column":65},"end":{"line":191,"column":1}},"line":141},"8":{"name":"(anonymous_8)","decl":{"start":{"line":154,"column":41},"end":{"line":154,"column":42}},"loc":{"start":{"line":154,"column":49},"end":{"line":154,"column":92}},"line":154},"9":{"name":"(anonymous_9)","decl":{"start":{"line":165,"column":41},"end":{"line":165,"column":42}},"loc":{"start":{"line":165,"column":49},"end":{"line":165,"column":92}},"line":165},"10":{"name":"(anonymous_10)","decl":{"start":{"line":174,"column":46},"end":{"line":174,"column":47}},"loc":{"start":{"line":175,"column":4},"end":{"line":175,"column":52}},"line":175},"11":{"name":"classifyLogSubtype","decl":{"start":{"line":197,"column":16},"end":{"line":197,"column":34}},"loc":{"start":{"line":197,"column":67},"end":{"line":254,"column":1}},"line":197}},"branchMap":{"0":{"loc":{"start":{"line":67,"column":2},"end":{"line":67,"column":31}},"type":"if","locations":[{"start":{"line":67,"column":2},"end":{"line":67,"column":31}},{"start":{},"end":{}}],"line":67},"1":{"loc":{"start":{"line":72,"column":9},"end":{"line":72,"column":49}},"type":"binary-expr","locations":[{"start":{"line":72,"column":9},"end":{"line":72,"column":25}},{"start":{"line":72,"column":29},"end":{"line":72,"column":49}}],"line":72},"2":{"loc":{"start":{"line":95,"column":27},"end":{"line":97,"column":48}},"type":"binary-expr","locations":[{"start":{"line":95,"column":27},"end":{"line":95,"column":95}},{"start":{"line":96,"column":4},"end":{"line":96,"column":47}},{"start":{"line":97,"column":4},"end":{"line":97,"column":48}}],"line":95},"3":{"loc":{"start":{"line":99,"column":2},"end":{"line":102,"column":3}},"type":"if","locations":[{"start":{"line":99,"column":2},"end":{"line":102,"column":3}},{"start":{},"end":{}}],"line":99},"4":{"loc":{"start":{"line":111,"column":2},"end":{"line":114,"column":3}},"type":"if","locations":[{"start":{"line":111,"column":2},"end":{"line":114,"column":3}},{"start":{},"end":{}}],"line":111},"5":{"loc":{"start":{"line":111,"column":6},"end":{"line":111,"column":76}},"type":"binary-expr","locations":[{"start":{"line":111,"column":7},"end":{"line":111,"column":20}},{"start":{"line":111,"column":24},"end":{"line":111,"column":38}},{"start":{"line":111,"column":44},"end":{"line":111,"column":57}},{"start":{"line":111,"column":61},"end":{"line":111,"column":75}}],"line":111},"6":{"loc":{"start":{"line":117,"column":2},"end":{"line":120,"column":3}},"type":"if","locations":[{"start":{"line":117,"column":2},"end":{"line":120,"column":3}},{"start":{},"end":{}}],"line":117},"7":{"loc":{"start":{"line":117,"column":6},"end":{"line":117,"column":55}},"type":"binary-expr","locations":[{"start":{"line":117,"column":6},"end":{"line":117,"column":19}},{"start":{"line":117,"column":23},"end":{"line":117,"column":55}}],"line":117},"8":{"loc":{"start":{"line":126,"column":2},"end":{"line":129,"column":3}},"type":"if","locations":[{"start":{"line":126,"column":2},"end":{"line":129,"column":3}},{"start":{},"end":{}}],"line":126},"9":{"loc":{"start":{"line":126,"column":6},"end":{"line":126,"column":45}},"type":"binary-expr","locations":[{"start":{"line":126,"column":6},"end":{"line":126,"column":20}},{"start":{"line":126,"column":24},"end":{"line":126,"column":45}}],"line":126},"10":{"loc":{"start":{"line":147,"column":2},"end":{"line":150,"column":3}},"type":"if","locations":[{"start":{"line":147,"column":2},"end":{"line":150,"column":3}},{"start":{},"end":{}}],"line":147},"11":{"loc":{"start":{"line":157,"column":2},"end":{"line":160,"column":3}},"type":"if","locations":[{"start":{"line":157,"column":2},"end":{"line":160,"column":3}},{"start":{},"end":{}}],"line":157},"12":{"loc":{"start":{"line":157,"column":6},"end":{"line":157,"column":38}},"type":"binary-expr","locations":[{"start":{"line":157,"column":6},"end":{"line":157,"column":19}},{"start":{"line":157,"column":23},"end":{"line":157,"column":38}}],"line":157},"13":{"loc":{"start":{"line":167,"column":2},"end":{"line":170,"column":3}},"type":"if","locations":[{"start":{"line":167,"column":2},"end":{"line":170,"column":3}},{"start":{},"end":{}}],"line":167},"14":{"loc":{"start":{"line":167,"column":6},"end":{"line":167,"column":41}},"type":"binary-expr","locations":[{"start":{"line":167,"column":6},"end":{"line":167,"column":24}},{"start":{"line":167,"column":28},"end":{"line":167,"column":41}}],"line":167},"15":{"loc":{"start":{"line":178,"column":27},"end":{"line":180,"column":42}},"type":"binary-expr","locations":[{"start":{"line":178,"column":27},"end":{"line":178,"column":59}},{"start":{"line":179,"column":27},"end":{"line":179,"column":46}},{"start":{"line":180,"column":27},"end":{"line":180,"column":42}}],"line":178},"16":{"loc":{"start":{"line":182,"column":2},"end":{"line":185,"column":3}},"type":"if","locations":[{"start":{"line":182,"column":2},"end":{"line":185,"column":3}},{"start":{},"end":{}}],"line":182},"17":{"loc":{"start":{"line":182,"column":6},"end":{"line":182,"column":43}},"type":"binary-expr","locations":[{"start":{"line":182,"column":6},"end":{"line":182,"column":23}},{"start":{"line":182,"column":27},"end":{"line":182,"column":43}}],"line":182},"18":{"loc":{"start":{"line":203,"column":2},"end":{"line":214,"column":3}},"type":"if","locations":[{"start":{"line":203,"column":2},"end":{"line":214,"column":3}},{"start":{},"end":{}}],"line":203},"19":{"loc":{"start":{"line":224,"column":2},"end":{"line":242,"column":3}},"type":"if","locations":[{"start":{"line":224,"column":2},"end":{"line":242,"column":3}},{"start":{"line":228,"column":7},"end":{"line":242,"column":3}}],"line":224},"20":{"loc":{"start":{"line":224,"column":6},"end":{"line":224,"column":41}},"type":"binary-expr","locations":[{"start":{"line":224,"column":6},"end":{"line":224,"column":23}},{"start":{"line":224,"column":27},"end":{"line":224,"column":41}}],"line":224},"21":{"loc":{"start":{"line":228,"column":7},"end":{"line":242,"column":3}},"type":"if","locations":[{"start":{"line":228,"column":7},"end":{"line":242,"column":3}},{"start":{"line":232,"column":7},"end":{"line":242,"column":3}}],"line":228},"22":{"loc":{"start":{"line":232,"column":7},"end":{"line":242,"column":3}},"type":"if","locations":[{"start":{"line":232,"column":7},"end":{"line":242,"column":3}},{"start":{"line":236,"column":7},"end":{"line":242,"column":3}}],"line":232},"23":{"loc":{"start":{"line":236,"column":7},"end":{"line":242,"column":3}},"type":"if","locations":[{"start":{"line":236,"column":7},"end":{"line":242,"column":3}},{"start":{"line":240,"column":7},"end":{"line":242,"column":3}}],"line":236},"24":{"loc":{"start":{"line":236,"column":11},"end":{"line":236,"column":43}},"type":"binary-expr","locations":[{"start":{"line":236,"column":11},"end":{"line":236,"column":22}},{"start":{"line":236,"column":26},"end":{"line":236,"column":43}}],"line":236}},"s":{"0":1,"1":1,"2":1,"3":1,"4":301,"5":301,"6":3636,"7":143,"8":43,"9":43,"10":0,"11":43,"12":52,"13":52,"14":52,"15":52,"16":52,"17":52,"18":91,"19":52,"20":16,"21":16,"22":52,"23":52,"24":52,"25":52,"26":52,"27":11,"28":11,"29":52,"30":19,"31":19,"32":52,"33":52,"34":52,"35":10,"36":10,"37":52,"38":52,"39":52,"40":52,"41":52,"42":52,"43":16,"44":16,"45":52,"46":52,"47":237,"48":52,"49":52,"50":6,"51":6,"52":52,"53":52,"54":52,"55":205,"56":52,"57":3,"58":3,"59":52,"60":52,"61":300,"62":52,"63":52,"64":3,"65":3,"66":52,"67":52,"68":57,"69":57,"70":57,"71":5,"72":52,"73":52,"74":52,"75":2,"76":50,"77":17,"78":33,"79":14,"80":19,"81":4,"82":15,"83":52},"f":{"0":301,"1":3636,"2":143,"3":43,"4":52,"5":52,"6":91,"7":52,"8":237,"9":205,"10":300,"11":57},"b":{"0":[0,43],"1":[52,43],"2":[52,37,36],"3":[16,36],"4":[11,41],"5":[52,11,42,1],"6":[19,33],"7":[52,41],"8":[10,42],"9":[52,12],"10":[16,36],"11":[6,46],"12":[52,10],"13":[3,49],"14":[52,9],"15":[52,36,35],"16":[3,49],"17":[52,3],"18":[5,52],"19":[2,50],"20":[52,23],"21":[17,33],"22":[14,19],"23":[4,15],"24":[19,17]},"_coverageSchema":"1a1c01bbd47fc00a2c39e90264f33305004495a9","hash":"95fbd5b6fe4f3e8d1d6905efd29c49f02f19110f"}
}
