TN:
SF:lib/cortex/classifyLogSubtype.ts
FN:56,containsAny
FN:58,(anonymous_1)
FN:61,matchesPattern
FN:65,wordCount
FN:71,isShort
FN:84,calculateJournalConfidence
FN:95,(anonymous_6)
FN:141,calculateIdeaConfidence
FN:154,(anonymous_8)
FN:165,(anonymous_9)
FN:174,(anonymous_10)
FN:197,classifyLogSubtype
FNF:12
FNH:12
FNDA:301,containsAny
FNDA:3636,(anonymous_1)
FNDA:143,matchesPattern
FNDA:43,wordCount
FNDA:52,isShort
FNDA:52,calculateJournalConfidence
FNDA:91,(anonymous_6)
FNDA:52,calculateIdeaConfidence
FNDA:237,(anonymous_8)
FNDA:205,(anonymous_9)
FNDA:300,(anonymous_10)
FNDA:57,classifyLogSubtype
DA:34,1
DA:41,1
DA:48,1
DA:50,1
DA:57,301
DA:58,3636
DA:62,143
DA:66,43
DA:67,43
DA:68,43
DA:72,52
DA:85,52
DA:86,52
DA:87,52
DA:90,52
DA:95,91
DA:99,52
DA:100,16
DA:101,16
DA:105,52
DA:106,52
DA:107,52
DA:108,52
DA:111,52
DA:112,11
DA:113,11
DA:117,52
DA:118,19
DA:119,19
DA:123,52
DA:124,52
DA:126,52
DA:127,10
DA:128,10
DA:132,52
DA:134,52
DA:142,52
DA:143,52
DA:144,52
DA:147,52
DA:148,16
DA:149,16
DA:153,52
DA:154,237
DA:155,52
DA:157,52
DA:158,6
DA:159,6
DA:163,52
DA:164,52
DA:165,205
DA:167,52
DA:168,3
DA:169,3
DA:173,52
DA:174,52
DA:175,300
DA:178,52
DA:182,52
DA:183,3
DA:184,3
DA:188,52
DA:190,52
DA:199,57
DA:200,57
DA:203,57
DA:204,5
DA:217,52
DA:218,52
DA:224,52
DA:225,2
DA:228,50
DA:229,17
DA:232,33
DA:233,14
DA:236,19
DA:237,4
DA:241,15
DA:244,52
LF:79
LH:79
BRDA:67,0,0,0
BRDA:67,0,1,43
BRDA:72,1,0,52
BRDA:72,1,1,43
BRDA:95,2,0,52
BRDA:95,2,1,37
BRDA:95,2,2,36
BRDA:99,3,0,16
BRDA:99,3,1,36
BRDA:111,4,0,11
BRDA:111,4,1,41
BRDA:111,5,0,52
BRDA:111,5,1,11
BRDA:111,5,2,42
BRDA:111,5,3,1
BRDA:117,6,0,19
BRDA:117,6,1,33
BRDA:117,7,0,52
BRDA:117,7,1,41
BRDA:126,8,0,10
BRDA:126,8,1,42
BRDA:126,9,0,52
BRDA:126,9,1,12
BRDA:147,10,0,16
BRDA:147,10,1,36
BRDA:157,11,0,6
BRDA:157,11,1,46
BRDA:157,12,0,52
BRDA:157,12,1,10
BRDA:167,13,0,3
BRDA:167,13,1,49
BRDA:167,14,0,52
BRDA:167,14,1,9
BRDA:178,15,0,52
BRDA:178,15,1,36
BRDA:178,15,2,35
BRDA:182,16,0,3
BRDA:182,16,1,49
BRDA:182,17,0,52
BRDA:182,17,1,3
BRDA:203,18,0,5
BRDA:203,18,1,52
BRDA:224,19,0,2
BRDA:224,19,1,50
BRDA:224,20,0,52
BRDA:224,20,1,23
BRDA:228,21,0,17
BRDA:228,21,1,33
BRDA:232,22,0,14
BRDA:232,22,1,19
BRDA:236,23,0,4
BRDA:236,23,1,15
BRDA:236,24,0,19
BRDA:236,24,1,17
BRF:54
BRH:53
end_of_record
